Arguments: 
  C:\Program Files\nodejs\node.exe C:\Users\ndany\AppData\Roaming\npm\node_modules\yarn\bin\yarn.js add ts-node --dev

PATH: 
  C:\Program Files\Git\mingw64\bin;C:\Program Files\Git\usr\bin;C:\Users\ndany\bin;C:\Users\ndany\bin;C:\Program Files\Git\mingw64\bin;C:\Program Files\Git\usr\local\bin;C:\Program Files\Git\usr\bin;C:\Program Files\Git\usr\bin;C:\Program Files\Git\mingw64\bin;C:\Program Files\Git\usr\bin;C:\Users\ndany\bin;C:\Program Files\ConEmu\ConEmu\Scripts;C:\Program Files\ConEmu;C:\Program Files\ConEmu\ConEmu;C:\Program Files\Docker\Docker\Resources\bin;C:\WINDOWS\system32;C:\WINDOWS;C:\WINDOWS\System32\Wbem;C:\WINDOWS\System32\WindowsPowerShell\v1.0;C:\Program Files\Git\cmd;C:\Program Files\Git\mingw64\bin;C:\Program Files\Git\usr\bin;C:\Program Files (x86)\PuTTY;C:\Program Files\nodejs;C:\Program Files (x86)\Microsoft VS Code\bin;C:\Users\ndany\AppData\Roaming\npm;%USERPROFILE%\AppData\Local\Microsoft\WindowsApps;C:\Program Files\Git\usr\bin\vendor_perl;C:\Program Files\Git\usr\bin\core_perl

Yarn version: 
  0.16.1

Node version: 
  6.3.1

Platform: 
  win32 x64

npm manifest: 
  {
    "name": "gnig",
    "version": "0.1.2",
    "description": "A tool to generate TypeScript interfaces from graphml neo4j models.",
    "main": "index.js",
    "scripts": {
      "bump:patch": "node ./node_modules/node-bumper/build/index patch --git",
      "bump:patch:pub": "node ./node_modules/node-bumper/build/index patch --git --npm",
      "bump:minor": "node ./node_modules/node-bumper/build/index minor --git",
      "bump:minor:pub": "node ./node_modules/node-bumper/build/index minor --git --npm",
      "bump:major": "node ./node_modules/node-bumper/build/index major --git",
      "bump:major:pub": "node ./node_modules/node-bumper/build/index major --git --npm"
    },
    "author": "Gaston Ndanyuzwe <gaston.ndanyuzwe@infinteacacia.com>",
    "license": "ISC",
    "preferGlobal": true,
    "bin": {
      "gnig": "build/index.js"
    },
    "devDependencies": {
      "@types/chalk": "^0.4.31",
      "@types/fs-extra": "0.0.34",
      "@types/node": "^6.0.46",
      "@types/pluralize": "0.0.27",
      "@types/xml2js": "0.0.28",
      "gulp": "github:gulpjs/gulp#4.0",
      "gulp-4.0.build": "^4.0.0-build.a271520",
      "gulp-load-plugins": "^1.3.0",
      "gulp-nodemon": "^2.2.1",
      "gulp-util": "^3.0.7",
      "node-bumper": "^0.1.24",
      "nodemon": "^1.11.0",
      "rimraf": "^2.5.4",
      "source-map-support": "^0.4.5",
      "ts-loader": "^0.9.5",
      "typescript": "^2.0.6",
      "webpack": "2.1.0-beta.20",
      "webpack-dev-middleware": "^1.6.1",
      "webpack-hot-middleware": "^2.12.2"
    },
    "dependencies": {
      "chalk": "^1.1.3",
      "fs-extra": "^0.30.0",
      "node-bumper": "^0.1.24",
      "pluralize": "^3.0.0",
      "xml2js": "^0.4.17"
    }
  }

yarn manifest: 
  No manifest

bower manifest: 
  No manifest

Lockfile: 
  No lockfile

Trace: 
  Error: connect ETIMEDOUT 104.16.59.173:443
      at Object.exports._errnoException (util.js:1012:11)
      at exports._exceptionWithHostPort (util.js:1035:20)
      at TCPConnectWrap.afterConnect [as oncomplete] (net.js:1080:14)
